<?xml version="1.0" encoding="UTF-8"?>
<!-- Generated by org.testng.reporters.JUnitReportReporter -->
<testsuite hostname="sandeep-HP-Pavilion-g6-Notebook-PC" failures="0" tests="1" name="Tests.FirstTest" time="0.014" errors="0" timestamp="30 Nov 2018 15:48:27 GMT" skipped="0">
  <testcase classname="Tests.FirstTest" name="Testing" time="0.014"/>
</testsuite> <!-- Tests.FirstTest -->
